<?xml version="1.0" encoding="UTF-8"?>
<!-- Generated by org.testng.reporters.JUnitReportReporter -->
<testsuite hostname="JaguPC" failures="0" tests="1" name="com.DemoQA.Forms" time="8.693" errors="0" timestamp="2025-08-23T23:06:53 IST" skipped="0">
  <testcase classname="com.DemoQA.Forms" name="fillForm" time="8.693"/>
</testsuite> <!-- com.DemoQA.Forms -->
