<?xml version="1.0" encoding="UTF-8"?>
<!-- Generated by org.testng.reporters.JUnitReportReporter -->
<testsuite hostname="JaguPC" failures="0" tests="1" name="com.DemoQA.Interactions" time="6.500" errors="0" timestamp="2025-08-23T23:44:33 IST" skipped="0">
  <testcase classname="com.DemoQA.Interactions" name="testDragabble" time="6.500"/>
</testsuite> <!-- com.DemoQA.Interactions -->
