<?xml version="1.0" encoding="UTF-8"?>
<!-- Generated by org.testng.reporters.JUnitReportReporter -->
<testsuite hostname="JaguPC" failures="0" tests="1" name="com.DemoQA.Widgets" time="83.212" errors="0" timestamp="2025-08-24T00:34:29 IST" skipped="0">
  <testcase classname="com.DemoQA.Widgets" name="testWidgets" time="83.212"/>
</testsuite> <!-- com.DemoQA.Widgets -->
