<?xml version="1.0" encoding="UTF-8"?>
<!-- Generated by org.testng.reporters.JUnitReportReporter -->
<testsuite hostname="JaguPC" failures="0" tests="1" name="com.DemoQA.Book_Store_Application" time="84.095" errors="0" timestamp="2025-08-24T16:55:21 IST" skipped="0">
  <testcase classname="com.DemoQA.Book_Store_Application" name="loginTest" time="84.095"/>
</testsuite> <!-- com.DemoQA.Book_Store_Application -->
