<?xml version="1.0" encoding="UTF-8"?>
<!-- Generated by org.testng.reporters.JUnitReportReporter -->
<testsuite hostname="JaguPC" failures="0" tests="1" name="com.DemoQA.AlertsAndWindow" time="34.902" errors="0" timestamp="2025-08-23T22:42:57 IST" skipped="0">
  <testcase classname="com.DemoQA.AlertsAndWindow" name="testAlertsAndWindows" time="34.902"/>
</testsuite> <!-- com.DemoQA.AlertsAndWindow -->
