<?xml version="1.0" encoding="UTF-8"?>
<!-- Generated by org.testng.reporters.JUnitReportReporter -->
<testsuite hostname="JaguPC" failures="0" tests="1" name="com.DemoQA.Elements" time="33.096" errors="0" timestamp="2025-08-23T22:41:18 IST" skipped="0">
  <testcase classname="com.DemoQA.Elements" name="interactWithElements" time="33.096"/>
</testsuite> <!-- com.DemoQA.Elements -->
